# JRE version: Java(TM) SE Runtime Environment (21.0.10+8) (build 21.0.10+8-LTS-217)
# Java VM: Java HotSpot(TM) 64-Bit Server VM (21.0.10+8-LTS-217, mixed mode, sharing, tiered, compressed oops, compressed class ptrs, g1 gc, windows-amd64)
GC Precious Log:
 CardTable entry size: 512
 Card Set container configuration: InlinePtr #cards 4 size 8 Array Of Cards #cards 32 size 80 Howl #buckets 8 coarsen threshold 7372 Howl Bitmap #cards 1024 size 144 coarsen threshold 921 Card regions per heap region 1 cards per card region 8192
 CPUs: 24 total, 24 available
 Memory: 32535M
 Large Page Support: Disabled
 NUMA Support: Disabled
 Compressed Oops: Enabled (Zero based)
 Heap Region Size: 4M
 Heap Min Capacity: 8M
 Heap Initial Capacity: 512M
 Heap Max Capacity: 8136M
 Pre-touch: Disabled
 Parallel Workers: 18
 Concurrent Workers: 5
 Concurrent Refinement Workers: 18
 Periodic GC: Disabled
Heap:
 garbage-first heap   total 503808K, used 365586K [0x0000000603800000, 0x0000000800000000)
  region size 4096K, 33 young (135168K), 5 survivors (20480K)
 Metaspace       used 89778K, committed 91008K, reserved 1179648K
  class space    used 8829K, committed 9408K, reserved 1048576K
GC Heap History (20 events):
Event: 248.186 GC heap before
{Heap before GC invocations=34 (full 0):
 garbage-first heap   total 503808K, used 456056K [0x0000000603800000, 0x0000000800000000)
  region size 4096K, 50 young (204800K), 4 survivors (16384K)
 Metaspace       used 88851K, committed 90048K, reserved 1179648K
  class space    used 8778K, committed 9408K, reserved 1048576K
}
Event: 248.188 GC heap after
{Heap after GC invocations=35 (full 0):
 garbage-first heap   total 503808K, used 262185K [0x0000000603800000, 0x0000000800000000)
  region size 4096K, 3 young (12288K), 3 survivors (12288K)
 Metaspace       used 88851K, committed 90048K, reserved 1179648K
  class space    used 8778K, committed 9408K, reserved 1048576K
}
Event: 300.105 GC heap before
{Heap before GC invocations=35 (full 0):
 garbage-first heap   total 503808K, used 458793K [0x0000000603800000, 0x0000000800000000)
  region size 4096K, 51 young (208896K), 3 survivors (12288K)
 Metaspace       used 89009K, committed 90240K, reserved 1179648K
  class space    used 8786K, committed 9408K, reserved 1048576K
}
Event: 300.108 GC heap after
{Heap after GC invocations=36 (full 0):
 garbage-first heap   total 503808K, used 258453K [0x0000000603800000, 0x0000000800000000)
  region size 4096K, 4 young (16384K), 4 survivors (16384K)
 Metaspace       used 89009K, committed 90240K, reserved 1179648K
  class space    used 8786K, committed 9408K, reserved 1048576K
}
Event: 351.275 GC heap before
{Heap before GC invocations=36 (full 0):
 garbage-first heap   total 503808K, used 450965K [0x0000000603800000, 0x0000000800000000)
  region size 4096K, 51 young (208896K), 4 survivors (16384K)
 Metaspace       used 89281K, committed 90496K, reserved 1179648K
  class space    used 8791K, committed 9408K, reserved 1048576K
}
Event: 351.278 GC heap after
{Heap after GC invocations=37 (full 0):
 garbage-first heap   total 503808K, used 257984K [0x0000000603800000, 0x0000000800000000)
  region size 4096K, 3 young (12288K), 3 survivors (12288K)
 Metaspace       used 89281K, committed 90496K, reserved 1179648K
  class space    used 8791K, committed 9408K, reserved 1048576K
}
Event: 384.406 GC heap before
{Heap before GC invocations=38 (full 0):
 garbage-first heap   total 503808K, used 454592K [0x0000000603800000, 0x0000000800000000)
  region size 4096K, 52 young (212992K), 3 survivors (12288K)
 Metaspace       used 89480K, committed 90688K, reserved 1179648K
  class space    used 8821K, committed 9408K, reserved 1048576K
}
Event: 384.408 GC heap after
{Heap after GC invocations=39 (full 0):
 garbage-first heap   total 503808K, used 263931K [0x0000000603800000, 0x0000000800000000)
  region size 4096K, 5 young (20480K), 5 survivors (20480K)
 Metaspace       used 89480K, committed 90688K, reserved 1179648K
  class space    used 8821K, committed 9408K, reserved 1048576K
}
Event: 398.226 GC heap before
{Heap before GC invocations=39 (full 0):
 garbage-first heap   total 503808K, used 448251K [0x0000000603800000, 0x0000000800000000)
  region size 4096K, 50 young (204800K), 5 survivors (20480K)
 Metaspace       used 89497K, committed 90688K, reserved 1179648K
  class space    used 8822K, committed 9408K, reserved 1048576K
}
Event: 398.228 GC heap after
{Heap after GC invocations=40 (full 0):
 garbage-first heap   total 503808K, used 256497K [0x0000000603800000, 0x0000000800000000)
  region size 4096K, 4 young (16384K), 4 survivors (16384K)
 Metaspace       used 89497K, committed 90688K, reserved 1179648K
  class space    used 8822K, committed 9408K, reserved 1048576K
}
Event: 448.744 GC heap before
{Heap before GC invocations=40 (full 0):
 garbage-first heap   total 503808K, used 449009K [0x0000000603800000, 0x0000000800000000)
  region size 4096K, 52 young (212992K), 4 survivors (16384K)
 Metaspace       used 89549K, committed 90752K, reserved 1179648K
  class space    used 8823K, committed 9408K, reserved 1048576K
}
Event: 448.746 GC heap after
{Heap after GC invocations=41 (full 0):
 garbage-first heap   total 503808K, used 257008K [0x0000000603800000, 0x0000000800000000)
  region size 4096K, 4 young (16384K), 4 survivors (16384K)
 Metaspace       used 89549K, committed 90752K, reserved 1179648K
  class space    used 8823K, committed 9408K, reserved 1048576K
}
Event: 495.065 GC heap before
{Heap before GC invocations=42 (full 0):
 garbage-first heap   total 503808K, used 453616K [0x0000000603800000, 0x0000000800000000)
  region size 4096K, 52 young (212992K), 4 survivors (16384K)
 Metaspace       used 89651K, committed 90880K, reserved 1179648K
  class space    used 8825K, committed 9408K, reserved 1048576K
}
Event: 495.067 GC heap after
{Heap after GC invocations=43 (full 0):
 garbage-first heap   total 503808K, used 255332K [0x0000000603800000, 0x0000000800000000)
  region size 4096K, 4 young (16384K), 4 survivors (16384K)
 Metaspace       used 89651K, committed 90880K, reserved 1179648K
  class space    used 8825K, committed 9408K, reserved 1048576K
}
Event: 549.293 GC heap before
{Heap before GC invocations=43 (full 0):
 garbage-first heap   total 503808K, used 451940K [0x0000000603800000, 0x0000000800000000)
  region size 4096K, 52 young (212992K), 4 survivors (16384K)
 Metaspace       used 89663K, committed 90880K, reserved 1179648K
  class space    used 8826K, committed 9408K, reserved 1048576K
}
Event: 549.297 GC heap after
{Heap after GC invocations=44 (full 0):
 garbage-first heap   total 503808K, used 252605K [0x0000000603800000, 0x0000000800000000)
  region size 4096K, 4 young (16384K), 4 survivors (16384K)
 Metaspace       used 89663K, committed 90880K, reserved 1179648K
  class space    used 8826K, committed 9408K, reserved 1048576K
}
Event: 604.786 GC heap before
{Heap before GC invocations=44 (full 0):
 garbage-first heap   total 503808K, used 453309K [0x0000000603800000, 0x0000000800000000)
  region size 4096K, 53 young (217088K), 4 survivors (16384K)
 Metaspace       used 89692K, committed 90880K, reserved 1179648K
  class space    used 8827K, committed 9408K, reserved 1048576K
}
Event: 604.787 GC heap after
{Heap after GC invocations=45 (full 0):
 garbage-first heap   total 503808K, used 255419K [0x0000000603800000, 0x0000000800000000)
  region size 4096K, 4 young (16384K), 4 survivors (16384K)
 Metaspace       used 89692K, committed 90880K, reserved 1179648K
  class space    used 8827K, committed 9408K, reserved 1048576K
}
Event: 665.833 GC heap before
{Heap before GC invocations=46 (full 0):
 garbage-first heap   total 503808K, used 456123K [0x0000000603800000, 0x0000000800000000)
  region size 4096K, 53 young (217088K), 4 survivors (16384K)
 Metaspace       used 89730K, committed 90944K, reserved 1179648K
  class space    used 8828K, committed 9408K, reserved 1048576K
}
Event: 665.835 GC heap after
{Heap after GC invocations=47 (full 0):
 garbage-first heap   total 503808K, used 259090K [0x0000000603800000, 0x0000000800000000)
  region size 4096K, 5 young (20480K), 5 survivors (20480K)
 Metaspace       used 89730K, committed 90944K, reserved 1179648K
  class space    used 8828K, committed 9408K, reserved 1048576K
}

