# JRE version: Java(TM) SE Runtime Environment (21.0.10+8) (build 21.0.10+8-LTS-217)
# Java VM: Java HotSpot(TM) 64-Bit Server VM (21.0.10+8-LTS-217, mixed mode, sharing, tiered, compressed oops, compressed class ptrs, g1 gc, windows-amd64)
GC Precious Log:
 CardTable entry size: 512
 Card Set container configuration: InlinePtr #cards 4 size 8 Array Of Cards #cards 32 size 80 Howl #buckets 8 coarsen threshold 7372 Howl Bitmap #cards 1024 size 144 coarsen threshold 921 Card regions per heap region 1 cards per card region 8192
 CPUs: 24 total, 24 available
 Memory: 32535M
 Large Page Support: Disabled
 NUMA Support: Disabled
 Compressed Oops: Enabled (Zero based)
 Heap Region Size: 4M
 Heap Min Capacity: 8M
 Heap Initial Capacity: 512M
 Heap Max Capacity: 8136M
 Pre-touch: Disabled
 Parallel Workers: 18
 Concurrent Workers: 5
 Concurrent Refinement Workers: 18
 Periodic GC: Disabled
Heap:
 garbage-first heap   total 487424K, used 344336K [0x0000000603800000, 0x0000000800000000)
  region size 4096K, 19 young (77824K), 1 survivors (4096K)
 Metaspace       used 82048K, committed 83200K, reserved 1179648K
  class space    used 8452K, committed 9024K, reserved 1048576K
GC Heap History (20 events):
Event: 6.193 GC heap before
{Heap before GC invocations=13 (full 0):
 garbage-first heap   total 299008K, used 211514K [0x0000000603800000, 0x0000000800000000)
  region size 4096K, 19 young (77824K), 4 survivors (16384K)
 Metaspace       used 60510K, committed 61376K, reserved 1114112K
  class space    used 6012K, committed 6400K, reserved 1048576K
}
Event: 6.197 GC heap after
{Heap after GC invocations=14 (full 0):
 garbage-first heap   total 299008K, used 172237K [0x0000000603800000, 0x0000000800000000)
  region size 4096K, 3 young (12288K), 3 survivors (12288K)
 Metaspace       used 60510K, committed 61376K, reserved 1114112K
  class space    used 6012K, committed 6400K, reserved 1048576K
}
Event: 7.136 GC heap before
{Heap before GC invocations=15 (full 0):
 garbage-first heap   total 303104K, used 241869K [0x0000000603800000, 0x0000000800000000)
  region size 4096K, 21 young (86016K), 3 survivors (12288K)
 Metaspace       used 69694K, committed 70720K, reserved 1114112K
  class space    used 7105K, committed 7616K, reserved 1048576K
}
Event: 7.139 GC heap after
{Heap after GC invocations=16 (full 0):
 garbage-first heap   total 303104K, used 184429K [0x0000000603800000, 0x0000000800000000)
  region size 4096K, 3 young (12288K), 3 survivors (12288K)
 Metaspace       used 69694K, committed 70720K, reserved 1114112K
  class space    used 7105K, committed 7616K, reserved 1048576K
}
Event: 7.682 GC heap before
{Heap before GC invocations=16 (full 0):
 garbage-first heap   total 303104K, used 254061K [0x0000000603800000, 0x0000000800000000)
  region size 4096K, 21 young (86016K), 3 survivors (12288K)
 Metaspace       used 72154K, committed 73216K, reserved 1179648K
  class space    used 7603K, committed 8128K, reserved 1048576K
}
Event: 7.685 GC heap after
{Heap after GC invocations=17 (full 0):
 garbage-first heap   total 303104K, used 170577K [0x0000000603800000, 0x0000000800000000)
  region size 4096K, 3 young (12288K), 3 survivors (12288K)
 Metaspace       used 72154K, committed 73216K, reserved 1179648K
  class space    used 7603K, committed 8128K, reserved 1048576K
}
Event: 8.049 GC heap before
{Heap before GC invocations=17 (full 0):
 garbage-first heap   total 303104K, used 244305K [0x0000000603800000, 0x0000000800000000)
  region size 4096K, 22 young (90112K), 3 survivors (12288K)
 Metaspace       used 74360K, committed 75456K, reserved 1179648K
  class space    used 7922K, committed 8448K, reserved 1048576K
}
Event: 8.051 GC heap after
{Heap after GC invocations=18 (full 0):
 garbage-first heap   total 303104K, used 151340K [0x0000000603800000, 0x0000000800000000)
  region size 4096K, 3 young (12288K), 3 survivors (12288K)
 Metaspace       used 74360K, committed 75456K, reserved 1179648K
  class space    used 7922K, committed 8448K, reserved 1048576K
}
Event: 8.457 GC heap before
{Heap before GC invocations=18 (full 0):
 garbage-first heap   total 303104K, used 233260K [0x0000000603800000, 0x0000000800000000)
  region size 4096K, 24 young (98304K), 3 survivors (12288K)
 Metaspace       used 75275K, committed 76352K, reserved 1179648K
  class space    used 8045K, committed 8576K, reserved 1048576K
}
Event: 8.460 GC heap after
{Heap after GC invocations=19 (full 0):
 garbage-first heap   total 303104K, used 150707K [0x0000000603800000, 0x0000000800000000)
  region size 4096K, 3 young (12288K), 3 survivors (12288K)
 Metaspace       used 75275K, committed 76352K, reserved 1179648K
  class space    used 8045K, committed 8576K, reserved 1048576K
}
Event: 9.345 GC heap before
{Heap before GC invocations=19 (full 0):
 garbage-first heap   total 303104K, used 236723K [0x0000000603800000, 0x0000000800000000)
  region size 4096K, 25 young (102400K), 3 survivors (12288K)
 Metaspace       used 78514K, committed 79680K, reserved 1179648K
  class space    used 8301K, committed 8896K, reserved 1048576K
}
Event: 9.347 GC heap after
{Heap after GC invocations=20 (full 0):
 garbage-first heap   total 303104K, used 161111K [0x0000000603800000, 0x0000000800000000)
  region size 4096K, 3 young (12288K), 3 survivors (12288K)
 Metaspace       used 78514K, committed 79680K, reserved 1179648K
  class space    used 8301K, committed 8896K, reserved 1048576K
}
Event: 11.084 GC heap before
{Heap before GC invocations=21 (full 0):
 garbage-first heap   total 303104K, used 243031K [0x0000000603800000, 0x0000000800000000)
  region size 4096K, 24 young (98304K), 3 survivors (12288K)
 Metaspace       used 78939K, committed 80064K, reserved 1179648K
  class space    used 8310K, committed 8896K, reserved 1048576K
}
Event: 11.086 GC heap after
{Heap after GC invocations=22 (full 0):
 garbage-first heap   total 364544K, used 176771K [0x0000000603800000, 0x0000000800000000)
  region size 4096K, 3 young (12288K), 3 survivors (12288K)
 Metaspace       used 78939K, committed 80064K, reserved 1179648K
  class space    used 8310K, committed 8896K, reserved 1048576K
}
Event: 30.104 GC heap before
{Heap before GC invocations=22 (full 0):
 garbage-first heap   total 364544K, used 303747K [0x0000000603800000, 0x0000000800000000)
  region size 4096K, 30 young (122880K), 3 survivors (12288K)
 Metaspace       used 81076K, committed 82176K, reserved 1179648K
  class space    used 8434K, committed 8960K, reserved 1048576K
}
Event: 30.111 GC heap after
{Heap after GC invocations=23 (full 0):
 garbage-first heap   total 393216K, used 241107K [0x0000000603800000, 0x0000000800000000)
  region size 4096K, 4 young (16384K), 4 survivors (16384K)
 Metaspace       used 81076K, committed 82176K, reserved 1179648K
  class space    used 8434K, committed 8960K, reserved 1048576K
}
Event: 30.516 GC heap before
{Heap before GC invocations=23 (full 0):
 garbage-first heap   total 393216K, used 310739K [0x0000000603800000, 0x0000000800000000)
  region size 4096K, 22 young (90112K), 4 survivors (16384K)
 Metaspace       used 81208K, committed 82304K, reserved 1179648K
  class space    used 8436K, committed 8960K, reserved 1048576K
}
Event: 30.519 GC heap after
{Heap after GC invocations=24 (full 0):
 garbage-first heap   total 393216K, used 278395K [0x0000000603800000, 0x0000000800000000)
  region size 4096K, 3 young (12288K), 3 survivors (12288K)
 Metaspace       used 81208K, committed 82304K, reserved 1179648K
  class space    used 8436K, committed 8960K, reserved 1048576K
}
Event: 33.110 GC heap before
{Heap before GC invocations=25 (full 0):
 garbage-first heap   total 487424K, used 327547K [0x0000000603800000, 0x0000000800000000)
  region size 4096K, 16 young (65536K), 3 survivors (12288K)
 Metaspace       used 81335K, committed 82560K, reserved 1179648K
  class space    used 8437K, committed 9024K, reserved 1048576K
}
Event: 33.112 GC heap after
{Heap after GC invocations=26 (full 0):
 garbage-first heap   total 487424K, used 278800K [0x0000000603800000, 0x0000000800000000)
  region size 4096K, 1 young (4096K), 1 survivors (4096K)
 Metaspace       used 81335K, committed 82560K, reserved 1179648K
  class space    used 8437K, committed 9024K, reserved 1048576K
}

